<?xml version="1.0" encoding="UTF-8"?>
<testng-results ignored="0" total="2" passed="2" failed="0" skipped="0">
  <reporter-output>
  </reporter-output>
  <suite started-at="2023-04-12T01:09:58 IST" name="Default suite" finished-at="2023-04-12T01:10:37 IST" duration-ms="39048">
    <groups>
    </groups>
    <test started-at="2023-04-12T01:09:58 IST" name="Default test" finished-at="2023-04-12T01:10:37 IST" duration-ms="39048">
      <class name="com.training.sanity.tests.LoginTests">
        <test-method is-config="true" signature="setUp()[pri:0, instance:com.training.sanity.tests.LoginTests@16610890]" started-at="2023-04-12T01:09:58 IST" name="setUp" finished-at="2023-04-12T01:10:02 IST" duration-ms="4685" status="PASS">
          <reporter-output>
          </reporter-output>
        </test-method> <!-- setUp -->
        <test-method signature="validLoginTest()[pri:0, instance:com.training.sanity.tests.LoginTests@16610890]" started-at="2023-04-12T01:10:02 IST" name="validLoginTest" finished-at="2023-04-12T01:10:27 IST" duration-ms="24455" status="PASS">
          <reporter-output>
          </reporter-output>
        </test-method> <!-- validLoginTest -->
        <test-method signature="validprofiletest()[pri:1, instance:com.training.sanity.tests.LoginTests@16610890]" started-at="2023-04-12T01:10:27 IST" name="validprofiletest" finished-at="2023-04-12T01:10:36 IST" duration-ms="8762" status="PASS">
          <reporter-output>
          </reporter-output>
        </test-method> <!-- validprofiletest -->
        <test-method is-config="true" signature="tearDown()[pri:0, instance:com.training.sanity.tests.LoginTests@16610890]" started-at="2023-04-12T01:10:36 IST" name="tearDown" finished-at="2023-04-12T01:10:37 IST" duration-ms="1008" status="PASS">
          <reporter-output>
          </reporter-output>
        </test-method> <!-- tearDown -->
      </class> <!-- com.training.sanity.tests.LoginTests -->
    </test> <!-- Default test -->
  </suite> <!-- Default suite -->
</testng-results>
